This is pdfTeX, Version 3.14159265-2.6-1.40.16 (MiKTeX 2.9) (preloaded format=pdflatex 2016.4.2)  3 APR 2016 22:33
entering extended mode
**"./Assignment 1.tex"
("Assignment 1.tex"
LaTeX2e <2015/10/01> patch level 2
Babel <3.9n> and hyphenation patterns for 69 languages loaded.

("C:\Users\NoobsDeSroobs\AppData\Local\Programs\MiKTeX 2.9\tex\latex\base\artic
le.cls"
Document Class: article 2014/09/29 v1.4h Standard LaTeX document class

("C:\Users\NoobsDeSroobs\AppData\Local\Programs\MiKTeX 2.9\tex\latex\base\size1
1.clo"
File: size11.clo 2014/09/29 v1.4h Standard LaTeX file (size option)
)
\c@part=\count79
\c@section=\count80
\c@subsection=\count81
\c@subsubsection=\count82
\c@paragraph=\count83
\c@subparagraph=\count84
\c@figure=\count85
\c@table=\count86
\abovecaptionskip=\skip41
\belowcaptionskip=\skip42
\bibindent=\dimen102
)
("C:\Users\NoobsDeSroobs\AppData\Local\Programs\MiKTeX 2.9\tex\generic\babel\ba
bel.sty"
Package: babel 2016/01/08 3.9n The Babel package

*************************************
* Local config file bblopts.cfg used
*

("C:\Users\NoobsDeSroobs\AppData\Local\Programs\MiKTeX 2.9\tex\latex\00miktex\b
blopts.cfg"
File: bblopts.cfg 2006/07/31 v1.0 MiKTeX 'babel' configuration
)
("C:\Users\NoobsDeSroobs\AppData\Local\Programs\MiKTeX 2.9\tex\latex\babel-engl
ish\english.ldf"
Language: english 2012/08/20 v3.3p English support from the babel system

("C:\Users\NoobsDeSroobs\AppData\Local\Programs\MiKTeX 2.9\tex\generic\babel\ba
bel.def"
File: babel.def 2016/01/08 3.9n Babel common definitions
\babel@savecnt=\count87
\U@D=\dimen103
)
\l@canadian = a dialect from \language\l@american 
\l@australian = a dialect from \language\l@british 
\l@newzealand = a dialect from \language\l@british 
))
("C:\Users\NoobsDeSroobs\AppData\Local\Programs\MiKTeX 2.9\tex\latex\lm\lmodern
.sty"
Package: lmodern 2009/10/30 v1.6 Latin Modern Fonts
LaTeX Font Info:    Overwriting symbol font `operators' in version `normal'
(Font)                  OT1/cmr/m/n --> OT1/lmr/m/n on input line 22.
LaTeX Font Info:    Overwriting symbol font `letters' in version `normal'
(Font)                  OML/cmm/m/it --> OML/lmm/m/it on input line 23.
LaTeX Font Info:    Overwriting symbol font `symbols' in version `normal'
(Font)                  OMS/cmsy/m/n --> OMS/lmsy/m/n on input line 24.
LaTeX Font Info:    Overwriting symbol font `largesymbols' in version `normal'
(Font)                  OMX/cmex/m/n --> OMX/lmex/m/n on input line 25.
LaTeX Font Info:    Overwriting symbol font `operators' in version `bold'
(Font)                  OT1/cmr/bx/n --> OT1/lmr/bx/n on input line 26.
LaTeX Font Info:    Overwriting symbol font `letters' in version `bold'
(Font)                  OML/cmm/b/it --> OML/lmm/b/it on input line 27.
LaTeX Font Info:    Overwriting symbol font `symbols' in version `bold'
(Font)                  OMS/cmsy/b/n --> OMS/lmsy/b/n on input line 28.
LaTeX Font Info:    Overwriting symbol font `largesymbols' in version `bold'
(Font)                  OMX/cmex/m/n --> OMX/lmex/m/n on input line 29.
LaTeX Font Info:    Overwriting math alphabet `\mathbf' in version `normal'
(Font)                  OT1/cmr/bx/n --> OT1/lmr/bx/n on input line 31.
LaTeX Font Info:    Overwriting math alphabet `\mathsf' in version `normal'
(Font)                  OT1/cmss/m/n --> OT1/lmss/m/n on input line 32.
LaTeX Font Info:    Overwriting math alphabet `\mathit' in version `normal'
(Font)                  OT1/cmr/m/it --> OT1/lmr/m/it on input line 33.
LaTeX Font Info:    Overwriting math alphabet `\mathtt' in version `normal'
(Font)                  OT1/cmtt/m/n --> OT1/lmtt/m/n on input line 34.
LaTeX Font Info:    Overwriting math alphabet `\mathbf' in version `bold'
(Font)                  OT1/cmr/bx/n --> OT1/lmr/bx/n on input line 35.
LaTeX Font Info:    Overwriting math alphabet `\mathsf' in version `bold'
(Font)                  OT1/cmss/bx/n --> OT1/lmss/bx/n on input line 36.
LaTeX Font Info:    Overwriting math alphabet `\mathit' in version `bold'
(Font)                  OT1/cmr/bx/it --> OT1/lmr/bx/it on input line 37.
LaTeX Font Info:    Overwriting math alphabet `\mathtt' in version `bold'
(Font)                  OT1/cmtt/m/n --> OT1/lmtt/m/n on input line 38.
)
("C:\Users\NoobsDeSroobs\AppData\Local\Programs\MiKTeX 2.9\tex\latex\base\input
enc.sty"
Package: inputenc 2015/03/17 v1.2c Input encoding file
\inpenc@prehook=\toks14
\inpenc@posthook=\toks15

("C:\Users\NoobsDeSroobs\AppData\Local\Programs\MiKTeX 2.9\tex\latex\base\utf8.
def"
File: utf8.def 2015/09/07 v1.1p UTF-8 support for inputenc
Now handling font encoding OML ...
... no UTF-8 mapping file for font encoding OML
Now handling font encoding T1 ...
... processing UTF-8 mapping file for font encoding T1

("C:\Users\NoobsDeSroobs\AppData\Local\Programs\MiKTeX 2.9\tex\latex\base\t1enc
.dfu"
File: t1enc.dfu 2015/09/07 v1.1p UTF-8 support for inputenc
   defining Unicode char U+00A0 (decimal 160)
   defining Unicode char U+00A1 (decimal 161)
   defining Unicode char U+00A3 (decimal 163)
   defining Unicode char U+00AB (decimal 171)
   defining Unicode char U+00AD (decimal 173)
   defining Unicode char U+00BB (decimal 187)
   defining Unicode char U+00BF (decimal 191)
   defining Unicode char U+00C0 (decimal 192)
   defining Unicode char U+00C1 (decimal 193)
   defining Unicode char U+00C2 (decimal 194)
   defining Unicode char U+00C3 (decimal 195)
   defining Unicode char U+00C4 (decimal 196)
   defining Unicode char U+00C5 (decimal 197)
   defining Unicode char U+00C6 (decimal 198)
   defining Unicode char U+00C7 (decimal 199)
   defining Unicode char U+00C8 (decimal 200)
   defining Unicode char U+00C9 (decimal 201)
   defining Unicode char U+00CA (decimal 202)
   defining Unicode char U+00CB (decimal 203)
   defining Unicode char U+00CC (decimal 204)
   defining Unicode char U+00CD (decimal 205)
   defining Unicode char U+00CE (decimal 206)
   defining Unicode char U+00CF (decimal 207)
   defining Unicode char U+00D0 (decimal 208)
   defining Unicode char U+00D1 (decimal 209)
   defining Unicode char U+00D2 (decimal 210)
   defining Unicode char U+00D3 (decimal 211)
   defining Unicode char U+00D4 (decimal 212)
   defining Unicode char U+00D5 (decimal 213)
   defining Unicode char U+00D6 (decimal 214)
   defining Unicode char U+00D8 (decimal 216)
   defining Unicode char U+00D9 (decimal 217)
   defining Unicode char U+00DA (decimal 218)
   defining Unicode char U+00DB (decimal 219)
   defining Unicode char U+00DC (decimal 220)
   defining Unicode char U+00DD (decimal 221)
   defining Unicode char U+00DE (decimal 222)
   defining Unicode char U+00DF (decimal 223)
   defining Unicode char U+00E0 (decimal 224)
   defining Unicode char U+00E1 (decimal 225)
   defining Unicode char U+00E2 (decimal 226)
   defining Unicode char U+00E3 (decimal 227)
   defining Unicode char U+00E4 (decimal 228)
   defining Unicode char U+00E5 (decimal 229)
   defining Unicode char U+00E6 (decimal 230)
   defining Unicode char U+00E7 (decimal 231)
   defining Unicode char U+00E8 (decimal 232)
   defining Unicode char U+00E9 (decimal 233)
   defining Unicode char U+00EA (decimal 234)
   defining Unicode char U+00EB (decimal 235)
   defining Unicode char U+00EC (decimal 236)
   defining Unicode char U+00ED (decimal 237)
   defining Unicode char U+00EE (decimal 238)
   defining Unicode char U+00EF (decimal 239)
   defining Unicode char U+00F0 (decimal 240)
   defining Unicode char U+00F1 (decimal 241)
   defining Unicode char U+00F2 (decimal 242)
   defining Unicode char U+00F3 (decimal 243)
   defining Unicode char U+00F4 (decimal 244)
   defining Unicode char U+00F5 (decimal 245)
   defining Unicode char U+00F6 (decimal 246)
   defining Unicode char U+00F8 (decimal 248)
   defining Unicode char U+00F9 (decimal 249)
   defining Unicode char U+00FA (decimal 250)
   defining Unicode char U+00FB (decimal 251)
   defining Unicode char U+00FC (decimal 252)
   defining Unicode char U+00FD (decimal 253)
   defining Unicode char U+00FE (decimal 254)
   defining Unicode char U+00FF (decimal 255)
   defining Unicode char U+0102 (decimal 258)
   defining Unicode char U+0103 (decimal 259)
   defining Unicode char U+0104 (decimal 260)
   defining Unicode char U+0105 (decimal 261)
   defining Unicode char U+0106 (decimal 262)
   defining Unicode char U+0107 (decimal 263)
   defining Unicode char U+010C (decimal 268)
   defining Unicode char U+010D (decimal 269)
   defining Unicode char U+010E (decimal 270)
   defining Unicode char U+010F (decimal 271)
   defining Unicode char U+0110 (decimal 272)
   defining Unicode char U+0111 (decimal 273)
   defining Unicode char U+0118 (decimal 280)
   defining Unicode char U+0119 (decimal 281)
   defining Unicode char U+011A (decimal 282)
   defining Unicode char U+011B (decimal 283)
   defining Unicode char U+011E (decimal 286)
   defining Unicode char U+011F (decimal 287)
   defining Unicode char U+0130 (decimal 304)
   defining Unicode char U+0131 (decimal 305)
   defining Unicode char U+0132 (decimal 306)
   defining Unicode char U+0133 (decimal 307)
   defining Unicode char U+0139 (decimal 313)
   defining Unicode char U+013A (decimal 314)
   defining Unicode char U+013D (decimal 317)
   defining Unicode char U+013E (decimal 318)
   defining Unicode char U+0141 (decimal 321)
   defining Unicode char U+0142 (decimal 322)
   defining Unicode char U+0143 (decimal 323)
   defining Unicode char U+0144 (decimal 324)
   defining Unicode char U+0147 (decimal 327)
   defining Unicode char U+0148 (decimal 328)
   defining Unicode char U+014A (decimal 330)
   defining Unicode char U+014B (decimal 331)
   defining Unicode char U+0150 (decimal 336)
   defining Unicode char U+0151 (decimal 337)
   defining Unicode char U+0152 (decimal 338)
   defining Unicode char U+0153 (decimal 339)
   defining Unicode char U+0154 (decimal 340)
   defining Unicode char U+0155 (decimal 341)
   defining Unicode char U+0158 (decimal 344)
   defining Unicode char U+0159 (decimal 345)
   defining Unicode char U+015A (decimal 346)
   defining Unicode char U+015B (decimal 347)
   defining Unicode char U+015E (decimal 350)
   defining Unicode char U+015F (decimal 351)
   defining Unicode char U+0160 (decimal 352)
   defining Unicode char U+0161 (decimal 353)
   defining Unicode char U+0162 (decimal 354)
   defining Unicode char U+0163 (decimal 355)
   defining Unicode char U+0164 (decimal 356)
   defining Unicode char U+0165 (decimal 357)
   defining Unicode char U+016E (decimal 366)
   defining Unicode char U+016F (decimal 367)
   defining Unicode char U+0170 (decimal 368)
   defining Unicode char U+0171 (decimal 369)
   defining Unicode char U+0174 (decimal 372)
   defining Unicode char U+0175 (decimal 373)
   defining Unicode char U+0176 (decimal 374)
   defining Unicode char U+0177 (decimal 375)
   defining Unicode char U+0178 (decimal 376)
   defining Unicode char U+0179 (decimal 377)
   defining Unicode char U+017A (decimal 378)
   defining Unicode char U+017B (decimal 379)
   defining Unicode char U+017C (decimal 380)
   defining Unicode char U+017D (decimal 381)
   defining Unicode char U+017E (decimal 382)
   defining Unicode char U+0218 (decimal 536)
   defining Unicode char U+0219 (decimal 537)
   defining Unicode char U+021A (decimal 538)
   defining Unicode char U+021B (decimal 539)
   defining Unicode char U+200C (decimal 8204)
   defining Unicode char U+2013 (decimal 8211)
   defining Unicode char U+2014 (decimal 8212)
   defining Unicode char U+2018 (decimal 8216)
   defining Unicode char U+2019 (decimal 8217)
   defining Unicode char U+201A (decimal 8218)
   defining Unicode char U+201C (decimal 8220)
   defining Unicode char U+201D (decimal 8221)
   defining Unicode char U+201E (decimal 8222)
   defining Unicode char U+2030 (decimal 8240)
   defining Unicode char U+2031 (decimal 8241)
   defining Unicode char U+2039 (decimal 8249)
   defining Unicode char U+203A (decimal 8250)
   defining Unicode char U+2423 (decimal 9251)
)
Now handling font encoding OT1 ...
... processing UTF-8 mapping file for font encoding OT1

("C:\Users\NoobsDeSroobs\AppData\Local\Programs\MiKTeX 2.9\tex\latex\base\ot1en
c.dfu"
File: ot1enc.dfu 2015/09/07 v1.1p UTF-8 support for inputenc
   defining Unicode char U+00A0 (decimal 160)
   defining Unicode char U+00A1 (decimal 161)
   defining Unicode char U+00A3 (decimal 163)
   defining Unicode char U+00AD (decimal 173)
   defining Unicode char U+00B8 (decimal 184)
   defining Unicode char U+00BF (decimal 191)
   defining Unicode char U+00C5 (decimal 197)
   defining Unicode char U+00C6 (decimal 198)
   defining Unicode char U+00D8 (decimal 216)
   defining Unicode char U+00DF (decimal 223)
   defining Unicode char U+00E6 (decimal 230)
   defining Unicode char U+00EC (decimal 236)
   defining Unicode char U+00ED (decimal 237)
   defining Unicode char U+00EE (decimal 238)
   defining Unicode char U+00EF (decimal 239)
   defining Unicode char U+00F8 (decimal 248)
   defining Unicode char U+0131 (decimal 305)
   defining Unicode char U+0141 (decimal 321)
   defining Unicode char U+0142 (decimal 322)
   defining Unicode char U+0152 (decimal 338)
   defining Unicode char U+0153 (decimal 339)
   defining Unicode char U+0174 (decimal 372)
   defining Unicode char U+0175 (decimal 373)
   defining Unicode char U+0176 (decimal 374)
   defining Unicode char U+0177 (decimal 375)
   defining Unicode char U+0218 (decimal 536)
   defining Unicode char U+0219 (decimal 537)
   defining Unicode char U+021A (decimal 538)
   defining Unicode char U+021B (decimal 539)
   defining Unicode char U+2013 (decimal 8211)
   defining Unicode char U+2014 (decimal 8212)
   defining Unicode char U+2018 (decimal 8216)
   defining Unicode char U+2019 (decimal 8217)
   defining Unicode char U+201C (decimal 8220)
   defining Unicode char U+201D (decimal 8221)
)
Now handling font encoding OMS ...
... processing UTF-8 mapping file for font encoding OMS

("C:\Users\NoobsDeSroobs\AppData\Local\Programs\MiKTeX 2.9\tex\latex\base\omsen
c.dfu"
File: omsenc.dfu 2015/09/07 v1.1p UTF-8 support for inputenc
   defining Unicode char U+00A7 (decimal 167)
   defining Unicode char U+00B6 (decimal 182)
   defining Unicode char U+00B7 (decimal 183)
   defining Unicode char U+2020 (decimal 8224)
   defining Unicode char U+2021 (decimal 8225)
   defining Unicode char U+2022 (decimal 8226)
)
Now handling font encoding OMX ...
... no UTF-8 mapping file for font encoding OMX
Now handling font encoding U ...
... no UTF-8 mapping file for font encoding U
   defining Unicode char U+00A9 (decimal 169)
   defining Unicode char U+00AA (decimal 170)
   defining Unicode char U+00AE (decimal 174)
   defining Unicode char U+00BA (decimal 186)
   defining Unicode char U+02C6 (decimal 710)
   defining Unicode char U+02DC (decimal 732)
   defining Unicode char U+200C (decimal 8204)
   defining Unicode char U+2026 (decimal 8230)
   defining Unicode char U+2122 (decimal 8482)
   defining Unicode char U+2423 (decimal 9251)
))
("C:\Users\NoobsDeSroobs\AppData\Local\Programs\MiKTeX 2.9\tex\latex\base\fonte
nc.sty"
Package: fontenc 2005/09/27 v1.99g Standard LaTeX package

("C:\Users\NoobsDeSroobs\AppData\Local\Programs\MiKTeX 2.9\tex\latex\base\t1enc
.def"
File: t1enc.def 2005/09/27 v1.99g Standard LaTeX file
LaTeX Font Info:    Redeclaring font encoding T1 on input line 48.
))
("C:\Users\NoobsDeSroobs\AppData\Local\Programs\MiKTeX 2.9\tex\latex\tcolorbox\
tcolorbox.sty"
Package: tcolorbox 2016/02/29 version 3.90 text color boxes

("C:\Users\NoobsDeSroobs\AppData\Local\Programs\MiKTeX 2.9\tex\latex\pgf\basicl
ayer\pgf.sty"
("C:\Users\NoobsDeSroobs\AppData\Local\Programs\MiKTeX 2.9\tex\latex\pgf\utilit
ies\pgfrcs.sty"
("C:\Users\NoobsDeSroobs\AppData\Local\Programs\MiKTeX 2.9\tex\generic\pgf\util
ities\pgfutil-common.tex"
\pgfutil@everybye=\toks16
\pgfutil@tempdima=\dimen104
\pgfutil@tempdimb=\dimen105

("C:\Users\NoobsDeSroobs\AppData\Local\Programs\MiKTeX 2.9\tex\generic\pgf\util
ities\pgfutil-common-lists.tex"))
("C:\Users\NoobsDeSroobs\AppData\Local\Programs\MiKTeX 2.9\tex\generic\pgf\util
ities\pgfutil-latex.def"
\pgfutil@abb=\box26

("C:\Users\NoobsDeSroobs\AppData\Local\Programs\MiKTeX 2.9\tex\latex\ms\everysh
i.sty"
Package: everyshi 2001/05/15 v3.00 EveryShipout Package (MS)
))
("C:\Users\NoobsDeSroobs\AppData\Local\Programs\MiKTeX 2.9\tex\generic\pgf\util
ities\pgfrcs.code.tex"
Package: pgfrcs 2015/08/07 v3.0.1a (rcs-revision 1.31)
))
Package: pgf 2015/08/07 v3.0.1a (rcs-revision 1.15)

("C:\Users\NoobsDeSroobs\AppData\Local\Programs\MiKTeX 2.9\tex\latex\pgf\basicl
ayer\pgfcore.sty"
("C:\Users\NoobsDeSroobs\AppData\Local\Programs\MiKTeX 2.9\tex\latex\graphics\g
raphicx.sty"
Package: graphicx 2014/10/28 v1.0g Enhanced LaTeX Graphics (DPC,SPQR)

("C:\Users\NoobsDeSroobs\AppData\Local\Programs\MiKTeX 2.9\tex\latex\graphics\k
eyval.sty"
Package: keyval 2014/10/28 v1.15 key=value parser (DPC)
\KV@toks@=\toks17
)
("C:\Users\NoobsDeSroobs\AppData\Local\Programs\MiKTeX 2.9\tex\latex\graphics\g
raphics.sty"
Package: graphics 2014/10/28 v1.0p Standard LaTeX Graphics (DPC,SPQR)

("C:\Users\NoobsDeSroobs\AppData\Local\Programs\MiKTeX 2.9\tex\latex\graphics\t
rig.sty"
Package: trig 1999/03/16 v1.09 sin cos tan (DPC)
)
("C:\Users\NoobsDeSroobs\AppData\Local\Programs\MiKTeX 2.9\tex\latex\00miktex\g
raphics.cfg"
File: graphics.cfg 2007/01/18 v1.5 graphics configuration of teTeX/TeXLive
)
Package graphics Info: Driver file: pdftex.def on input line 94.

("C:\Users\NoobsDeSroobs\AppData\Local\Programs\MiKTeX 2.9\tex\latex\pdftex-def
\pdftex.def"
File: pdftex.def 2011/05/27 v0.06d Graphics/color for pdfTeX

("C:\Users\NoobsDeSroobs\AppData\Local\Programs\MiKTeX 2.9\tex\generic\oberdiek
\infwarerr.sty"
Package: infwarerr 2010/04/08 v1.3 Providing info/warning/error messages (HO)
)
("C:\Users\NoobsDeSroobs\AppData\Local\Programs\MiKTeX 2.9\tex\generic\oberdiek
\ltxcmds.sty"
Package: ltxcmds 2011/11/09 v1.22 LaTeX kernel commands for general use (HO)
)
\Gread@gobject=\count88
))
\Gin@req@height=\dimen106
\Gin@req@width=\dimen107
)
("C:\Users\NoobsDeSroobs\AppData\Local\Programs\MiKTeX 2.9\tex\latex\pgf\system
layer\pgfsys.sty"
("C:\Users\NoobsDeSroobs\AppData\Local\Programs\MiKTeX 2.9\tex\generic\pgf\syst
emlayer\pgfsys.code.tex"
Package: pgfsys 2014/07/09 v3.0.1a (rcs-revision 1.48)

("C:\Users\NoobsDeSroobs\AppData\Local\Programs\MiKTeX 2.9\tex\generic\pgf\util
ities\pgfkeys.code.tex"
\pgfkeys@pathtoks=\toks18
\pgfkeys@temptoks=\toks19

("C:\Users\NoobsDeSroobs\AppData\Local\Programs\MiKTeX 2.9\tex\generic\pgf\util
ities\pgfkeysfiltered.code.tex"
\pgfkeys@tmptoks=\toks20
))
\pgf@x=\dimen108
\pgf@y=\dimen109
\pgf@xa=\dimen110
\pgf@ya=\dimen111
\pgf@xb=\dimen112
\pgf@yb=\dimen113
\pgf@xc=\dimen114
\pgf@yc=\dimen115
\w@pgf@writea=\write3
\r@pgf@reada=\read1
\c@pgf@counta=\count89
\c@pgf@countb=\count90
\c@pgf@countc=\count91
\c@pgf@countd=\count92
\t@pgf@toka=\toks21
\t@pgf@tokb=\toks22
\t@pgf@tokc=\toks23

("C:\Users\NoobsDeSroobs\AppData\Local\Programs\MiKTeX 2.9\tex\generic\pgf\syst
emlayer\pgf.cfg"
File: pgf.cfg 2008/05/14  (rcs-revision 1.7)
)
Driver file for pgf: pgfsys-pdftex.def

("C:\Users\NoobsDeSroobs\AppData\Local\Programs\MiKTeX 2.9\tex\generic\pgf\syst
emlayer\pgfsys-pdftex.def"
File: pgfsys-pdftex.def 2014/10/11  (rcs-revision 1.35)

("C:\Users\NoobsDeSroobs\AppData\Local\Programs\MiKTeX 2.9\tex\generic\pgf\syst
emlayer\pgfsys-common-pdf.def"
File: pgfsys-common-pdf.def 2013/10/10  (rcs-revision 1.13)
)))
("C:\Users\NoobsDeSroobs\AppData\Local\Programs\MiKTeX 2.9\tex\generic\pgf\syst
emlayer\pgfsyssoftpath.code.tex"
File: pgfsyssoftpath.code.tex 2013/09/09  (rcs-revision 1.9)
\pgfsyssoftpath@smallbuffer@items=\count93
\pgfsyssoftpath@bigbuffer@items=\count94
)
("C:\Users\NoobsDeSroobs\AppData\Local\Programs\MiKTeX 2.9\tex\generic\pgf\syst
emlayer\pgfsysprotocol.code.tex"
File: pgfsysprotocol.code.tex 2006/10/16  (rcs-revision 1.4)
))
("C:\Users\NoobsDeSroobs\AppData\Local\Programs\MiKTeX 2.9\tex\latex\xcolor\xco
lor.sty"
Package: xcolor 2007/01/21 v2.11 LaTeX color extensions (UK)

("C:\Users\NoobsDeSroobs\AppData\Local\Programs\MiKTeX 2.9\tex\latex\00miktex\c
olor.cfg"
File: color.cfg 2007/01/18 v1.5 color configuration of teTeX/TeXLive
)
Package xcolor Info: Driver file: pdftex.def on input line 225.
Package xcolor Info: Model `cmy' substituted by `cmy0' on input line 1337.
Package xcolor Info: Model `hsb' substituted by `rgb' on input line 1341.
Package xcolor Info: Model `RGB' extended on input line 1353.
Package xcolor Info: Model `HTML' substituted by `rgb' on input line 1355.
Package xcolor Info: Model `Hsb' substituted by `hsb' on input line 1356.
Package xcolor Info: Model `tHsb' substituted by `hsb' on input line 1357.
Package xcolor Info: Model `HSB' substituted by `hsb' on input line 1358.
Package xcolor Info: Model `Gray' substituted by `gray' on input line 1359.
Package xcolor Info: Model `wave' substituted by `hsb' on input line 1360.
)
("C:\Users\NoobsDeSroobs\AppData\Local\Programs\MiKTeX 2.9\tex\generic\pgf\basi
clayer\pgfcore.code.tex"
Package: pgfcore 2010/04/11 v3.0.1a (rcs-revision 1.7)

("C:\Users\NoobsDeSroobs\AppData\Local\Programs\MiKTeX 2.9\tex\generic\pgf\math
\pgfmath.code.tex"
("C:\Users\NoobsDeSroobs\AppData\Local\Programs\MiKTeX 2.9\tex\generic\pgf\math
\pgfmathcalc.code.tex"
("C:\Users\NoobsDeSroobs\AppData\Local\Programs\MiKTeX 2.9\tex\generic\pgf\math
\pgfmathutil.code.tex")
("C:\Users\NoobsDeSroobs\AppData\Local\Programs\MiKTeX 2.9\tex\generic\pgf\math
\pgfmathparser.code.tex"
\pgfmath@dimen=\dimen116
\pgfmath@count=\count95
\pgfmath@box=\box27
\pgfmath@toks=\toks24
\pgfmath@stack@operand=\toks25
\pgfmath@stack@operation=\toks26
)
("C:\Users\NoobsDeSroobs\AppData\Local\Programs\MiKTeX 2.9\tex\generic\pgf\math
\pgfmathfunctions.code.tex"
("C:\Users\NoobsDeSroobs\AppData\Local\Programs\MiKTeX 2.9\tex\generic\pgf\math
\pgfmathfunctions.basic.code.tex")
("C:\Users\NoobsDeSroobs\AppData\Local\Programs\MiKTeX 2.9\tex\generic\pgf\math
\pgfmathfunctions.trigonometric.code.tex")
("C:\Users\NoobsDeSroobs\AppData\Local\Programs\MiKTeX 2.9\tex\generic\pgf\math
\pgfmathfunctions.random.code.tex")
("C:\Users\NoobsDeSroobs\AppData\Local\Programs\MiKTeX 2.9\tex\generic\pgf\math
\pgfmathfunctions.comparison.code.tex")
("C:\Users\NoobsDeSroobs\AppData\Local\Programs\MiKTeX 2.9\tex\generic\pgf\math
\pgfmathfunctions.base.code.tex")
("C:\Users\NoobsDeSroobs\AppData\Local\Programs\MiKTeX 2.9\tex\generic\pgf\math
\pgfmathfunctions.round.code.tex")
("C:\Users\NoobsDeSroobs\AppData\Local\Programs\MiKTeX 2.9\tex\generic\pgf\math
\pgfmathfunctions.misc.code.tex")
("C:\Users\NoobsDeSroobs\AppData\Local\Programs\MiKTeX 2.9\tex\generic\pgf\math
\pgfmathfunctions.integerarithmetics.code.tex")))
("C:\Users\NoobsDeSroobs\AppData\Local\Programs\MiKTeX 2.9\tex\generic\pgf\math
\pgfmathfloat.code.tex"
\c@pgfmathroundto@lastzeros=\count96
))
("C:\Users\NoobsDeSroobs\AppData\Local\Programs\MiKTeX 2.9\tex\generic\pgf\basi
clayer\pgfcorepoints.code.tex"
File: pgfcorepoints.code.tex 2013/10/07  (rcs-revision 1.27)
\pgf@picminx=\dimen117
\pgf@picmaxx=\dimen118
\pgf@picminy=\dimen119
\pgf@picmaxy=\dimen120
\pgf@pathminx=\dimen121
\pgf@pathmaxx=\dimen122
\pgf@pathminy=\dimen123
\pgf@pathmaxy=\dimen124
\pgf@xx=\dimen125
\pgf@xy=\dimen126
\pgf@yx=\dimen127
\pgf@yy=\dimen128
\pgf@zx=\dimen129
\pgf@zy=\dimen130
)
("C:\Users\NoobsDeSroobs\AppData\Local\Programs\MiKTeX 2.9\tex\generic\pgf\basi
clayer\pgfcorepathconstruct.code.tex"
File: pgfcorepathconstruct.code.tex 2013/10/07  (rcs-revision 1.29)
\pgf@path@lastx=\dimen131
\pgf@path@lasty=\dimen132
)
("C:\Users\NoobsDeSroobs\AppData\Local\Programs\MiKTeX 2.9\tex\generic\pgf\basi
clayer\pgfcorepathusage.code.tex"
File: pgfcorepathusage.code.tex 2014/11/02  (rcs-revision 1.24)
\pgf@shorten@end@additional=\dimen133
\pgf@shorten@start@additional=\dimen134
)
("C:\Users\NoobsDeSroobs\AppData\Local\Programs\MiKTeX 2.9\tex\generic\pgf\basi
clayer\pgfcorescopes.code.tex"
File: pgfcorescopes.code.tex 2015/05/08  (rcs-revision 1.46)
\pgfpic=\box28
\pgf@hbox=\box29
\pgf@layerbox@main=\box30
\pgf@picture@serial@count=\count97
)
("C:\Users\NoobsDeSroobs\AppData\Local\Programs\MiKTeX 2.9\tex\generic\pgf\basi
clayer\pgfcoregraphicstate.code.tex"
File: pgfcoregraphicstate.code.tex 2014/11/02  (rcs-revision 1.12)
\pgflinewidth=\dimen135
)
("C:\Users\NoobsDeSroobs\AppData\Local\Programs\MiKTeX 2.9\tex\generic\pgf\basi
clayer\pgfcoretransformations.code.tex"
File: pgfcoretransformations.code.tex 2015/08/07  (rcs-revision 1.20)
\pgf@pt@x=\dimen136
\pgf@pt@y=\dimen137
\pgf@pt@temp=\dimen138
)
("C:\Users\NoobsDeSroobs\AppData\Local\Programs\MiKTeX 2.9\tex\generic\pgf\basi
clayer\pgfcorequick.code.tex"
File: pgfcorequick.code.tex 2008/10/09  (rcs-revision 1.3)
)
("C:\Users\NoobsDeSroobs\AppData\Local\Programs\MiKTeX 2.9\tex\generic\pgf\basi
clayer\pgfcoreobjects.code.tex"
File: pgfcoreobjects.code.tex 2006/10/11  (rcs-revision 1.2)
)
("C:\Users\NoobsDeSroobs\AppData\Local\Programs\MiKTeX 2.9\tex\generic\pgf\basi
clayer\pgfcorepathprocessing.code.tex"
File: pgfcorepathprocessing.code.tex 2013/09/09  (rcs-revision 1.9)
)
("C:\Users\NoobsDeSroobs\AppData\Local\Programs\MiKTeX 2.9\tex\generic\pgf\basi
clayer\pgfcorearrows.code.tex"
File: pgfcorearrows.code.tex 2015/05/14  (rcs-revision 1.43)
\pgfarrowsep=\dimen139
)
("C:\Users\NoobsDeSroobs\AppData\Local\Programs\MiKTeX 2.9\tex\generic\pgf\basi
clayer\pgfcoreshade.code.tex"
File: pgfcoreshade.code.tex 2013/07/15  (rcs-revision 1.15)
\pgf@max=\dimen140
\pgf@sys@shading@range@num=\count98
)
("C:\Users\NoobsDeSroobs\AppData\Local\Programs\MiKTeX 2.9\tex\generic\pgf\basi
clayer\pgfcoreimage.code.tex"
File: pgfcoreimage.code.tex 2013/07/15  (rcs-revision 1.18)

("C:\Users\NoobsDeSroobs\AppData\Local\Programs\MiKTeX 2.9\tex\generic\pgf\basi
clayer\pgfcoreexternal.code.tex"
File: pgfcoreexternal.code.tex 2014/07/09  (rcs-revision 1.21)
\pgfexternal@startupbox=\box31
))
("C:\Users\NoobsDeSroobs\AppData\Local\Programs\MiKTeX 2.9\tex\generic\pgf\basi
clayer\pgfcorelayers.code.tex"
File: pgfcorelayers.code.tex 2013/07/18  (rcs-revision 1.7)
)
("C:\Users\NoobsDeSroobs\AppData\Local\Programs\MiKTeX 2.9\tex\generic\pgf\basi
clayer\pgfcoretransparency.code.tex"
File: pgfcoretransparency.code.tex 2013/09/30  (rcs-revision 1.5)
)
("C:\Users\NoobsDeSroobs\AppData\Local\Programs\MiKTeX 2.9\tex\generic\pgf\basi
clayer\pgfcorepatterns.code.tex"
File: pgfcorepatterns.code.tex 2013/11/07  (rcs-revision 1.5)
)))
("C:\Users\NoobsDeSroobs\AppData\Local\Programs\MiKTeX 2.9\tex\generic\pgf\modu
les\pgfmoduleshapes.code.tex"
File: pgfmoduleshapes.code.tex 2014/03/21  (rcs-revision 1.35)
\pgfnodeparttextbox=\box32
)
("C:\Users\NoobsDeSroobs\AppData\Local\Programs\MiKTeX 2.9\tex\generic\pgf\modu
les\pgfmoduleplot.code.tex"
File: pgfmoduleplot.code.tex 2015/08/03  (rcs-revision 1.13)
)
("C:\Users\NoobsDeSroobs\AppData\Local\Programs\MiKTeX 2.9\tex\latex\pgf\compat
ibility\pgfcomp-version-0-65.sty"
Package: pgfcomp-version-0-65 2007/07/03 v3.0.1a (rcs-revision 1.7)
\pgf@nodesepstart=\dimen141
\pgf@nodesepend=\dimen142
)
("C:\Users\NoobsDeSroobs\AppData\Local\Programs\MiKTeX 2.9\tex\latex\pgf\compat
ibility\pgfcomp-version-1-18.sty"
Package: pgfcomp-version-1-18 2007/07/23 v3.0.1a (rcs-revision 1.1)
))
("C:\Users\NoobsDeSroobs\AppData\Local\Programs\MiKTeX 2.9\tex\latex\tools\verb
atim.sty"
Package: verbatim 2014/10/28 v1.5q LaTeX2e package for verbatim enhancements
\every@verbatim=\toks27
\verbatim@line=\toks28
\verbatim@in@stream=\read2
)
("C:\Users\NoobsDeSroobs\AppData\Local\Programs\MiKTeX 2.9\tex\latex\environ\en
viron.sty"
Package: environ 2014/05/04 v0.3 A new way to define environments

("C:\Users\NoobsDeSroobs\AppData\Local\Programs\MiKTeX 2.9\tex\latex\trimspaces
\trimspaces.sty"
Package: trimspaces 2009/09/17 v1.1 Trim spaces around a token list
)
\@envbody=\toks29
)
("C:\Users\NoobsDeSroobs\AppData\Local\Programs\MiKTeX 2.9\tex\latex\etoolbox\e
toolbox.sty"
Package: etoolbox 2015/08/02 v2.2a e-TeX tools for LaTeX (JAW)
\etb@tempcnta=\count99
)
\tcb@titlebox=\box33
\tcb@upperbox=\box34
\tcb@lowerbox=\box35
\tcb@phantombox=\box36
\c@tcbbreakpart=\count100
\c@tcblayer=\count101
\tcolorbox@number=\count102
\tcb@temp=\box37
\tcb@temp=\box38
\tcb@temp=\box39
\tcb@temp=\box40
\tcb@out=\write4
\tcb@record@out=\write5
)
("C:\Users\NoobsDeSroobs\AppData\Local\Programs\MiKTeX 2.9\tex\latex\ltxmisc\pa
rskip.sty"
Package: parskip 2001/04/09 non-zero parskip adjustments
)
("C:\Users\NoobsDeSroobs\AppData\Local\Programs\MiKTeX 2.9\tex\latex\amsmath\am
smath.sty"
Package: amsmath 2013/01/14 v2.14 AMS math features
\@mathmargin=\skip43

For additional information on amsmath, use the `?' option.

("C:\Users\NoobsDeSroobs\AppData\Local\Programs\MiKTeX 2.9\tex\latex\amsmath\am
stext.sty"
Package: amstext 2000/06/29 v2.01

("C:\Users\NoobsDeSroobs\AppData\Local\Programs\MiKTeX 2.9\tex\latex\amsmath\am
sgen.sty"
File: amsgen.sty 1999/11/30 v2.0
\@emptytoks=\toks30
\ex@=\dimen143
))
("C:\Users\NoobsDeSroobs\AppData\Local\Programs\MiKTeX 2.9\tex\latex\amsmath\am
sbsy.sty"
Package: amsbsy 1999/11/29 v1.2d
\pmbraise@=\dimen144
)
("C:\Users\NoobsDeSroobs\AppData\Local\Programs\MiKTeX 2.9\tex\latex\amsmath\am
sopn.sty"
Package: amsopn 1999/12/14 v2.01 operator names
)
\inf@bad=\count103
LaTeX Info: Redefining \frac on input line 210.
\uproot@=\count104
\leftroot@=\count105
LaTeX Info: Redefining \overline on input line 306.
\classnum@=\count106
\DOTSCASE@=\count107
LaTeX Info: Redefining \ldots on input line 378.
LaTeX Info: Redefining \dots on input line 381.
LaTeX Info: Redefining \cdots on input line 466.
\Mathstrutbox@=\box41
\strutbox@=\box42
\big@size=\dimen145
LaTeX Font Info:    Redeclaring font encoding OML on input line 566.
LaTeX Font Info:    Redeclaring font encoding OMS on input line 567.
\macc@depth=\count108
\c@MaxMatrixCols=\count109
\dotsspace@=\muskip10
\c@parentequation=\count110
\dspbrk@lvl=\count111
\tag@help=\toks31
\row@=\count112
\column@=\count113
\maxfields@=\count114
\andhelp@=\toks32
\eqnshift@=\dimen146
\alignsep@=\dimen147
\tagshift@=\dimen148
\tagwidth@=\dimen149
\totwidth@=\dimen150
\lineht@=\dimen151
\@envbody=\toks33
\multlinegap=\skip44
\multlinetaggap=\skip45
\mathdisplay@stack=\toks34
LaTeX Info: Redefining \[ on input line 2665.
LaTeX Info: Redefining \] on input line 2666.
)
("C:\Users\NoobsDeSroobs\AppData\Local\Programs\MiKTeX 2.9\tex\latex\amsfonts\a
mssymb.sty"
Package: amssymb 2013/01/14 v3.01 AMS font symbols

("C:\Users\NoobsDeSroobs\AppData\Local\Programs\MiKTeX 2.9\tex\latex\amsfonts\a
msfonts.sty"
Package: amsfonts 2013/01/14 v3.01 Basic AMSFonts support
\symAMSa=\mathgroup4
\symAMSb=\mathgroup5
LaTeX Font Info:    Overwriting math alphabet `\mathfrak' in version `bold'
(Font)                  U/euf/m/n --> U/euf/b/n on input line 106.
))
("C:\Users\NoobsDeSroobs\AppData\Local\Programs\MiKTeX 2.9\tex\latex\float\floa
t.sty"
Package: float 2001/11/08 v1.3d Float enhancements (AL)
\c@float@type=\count115
\float@exts=\toks35
\float@box=\box43
\@float@everytoks=\toks36
\@floatcapt=\box44
)
("C:\Users\NoobsDeSroobs\AppData\Local\Programs\MiKTeX 2.9\tex\latex\multirow\m
ultirow.sty"
\bigstrutjot=\dimen152
)
("C:\Users\NoobsDeSroobs\AppData\Local\Programs\MiKTeX 2.9\tex\latex\enumitem\e
numitem.sty"
Package: enumitem 2011/09/28 v3.5.2 Customized lists
\labelindent=\skip46
\enit@outerparindent=\dimen153
\enit@toks=\toks37
\enit@inbox=\box45
\enitdp@description=\count116
)
("C:\Users\NoobsDeSroobs\AppData\Local\Programs\MiKTeX 2.9\tex\latex\url\url.st
y"
\Urlmuskip=\muskip11
Package: url 2013/09/16  ver 3.4  Verb mode for urls, etc.
)
("C:\Users\NoobsDeSroobs\AppData\Local\Programs\MiKTeX 2.9\tex\latex\hyperref\h
yperref.sty"
Package: hyperref 2012/11/06 v6.83m Hypertext links for LaTeX

("C:\Users\NoobsDeSroobs\AppData\Local\Programs\MiKTeX 2.9\tex\generic\oberdiek
\hobsub-hyperref.sty"
Package: hobsub-hyperref 2012/04/25 v1.12 Bundle oberdiek, subset hyperref (HO)


("C:\Users\NoobsDeSroobs\AppData\Local\Programs\MiKTeX 2.9\tex\generic\oberdiek
\hobsub-generic.sty"
Package: hobsub-generic 2012/04/25 v1.12 Bundle oberdiek, subset generic (HO)
Package: hobsub 2012/04/25 v1.12 Construct package bundles (HO)
Package hobsub Info: Skipping package `infwarerr' (already loaded).
Package hobsub Info: Skipping package `ltxcmds' (already loaded).
Package: ifluatex 2010/03/01 v1.3 Provides the ifluatex switch (HO)
Package ifluatex Info: LuaTeX not detected.
Package: ifvtex 2010/03/01 v1.5 Detect VTeX and its facilities (HO)
Package ifvtex Info: VTeX not detected.
Package: intcalc 2007/09/27 v1.1 Expandable calculations with integers (HO)
Package: ifpdf 2011/01/30 v2.3 Provides the ifpdf switch (HO)
Package ifpdf Info: pdfTeX in PDF mode is detected.
Package: etexcmds 2011/02/16 v1.5 Avoid name clashes with e-TeX commands (HO)
Package etexcmds Info: Could not find \expanded.
(etexcmds)             That can mean that you are not using pdfTeX 1.50 or
(etexcmds)             that some package has redefined \expanded.
(etexcmds)             In the latter case, load this package earlier.
Package: kvsetkeys 2012/04/25 v1.16 Key value parser (HO)
Package: kvdefinekeys 2011/04/07 v1.3 Define keys (HO)
Package: pdftexcmds 2011/11/29 v0.20 Utility functions of pdfTeX for LuaTeX (HO
)
Package pdftexcmds Info: LuaTeX not detected.
Package pdftexcmds Info: \pdf@primitive is available.
Package pdftexcmds Info: \pdf@ifprimitive is available.
Package pdftexcmds Info: \pdfdraftmode found.
Package: pdfescape 2011/11/25 v1.13 Implements pdfTeX's escape features (HO)
Package: bigintcalc 2012/04/08 v1.3 Expandable calculations on big integers (HO
)
Package: bitset 2011/01/30 v1.1 Handle bit-vector datatype (HO)
Package: uniquecounter 2011/01/30 v1.2 Provide unlimited unique counter (HO)
)
Package hobsub Info: Skipping package `hobsub' (already loaded).
Package: letltxmacro 2010/09/02 v1.4 Let assignment for LaTeX macros (HO)
Package: hopatch 2011/06/24 v1.1 Wrapper for package hooks (HO)
Package: xcolor-patch 2011/01/30 xcolor patch
Package: atveryend 2011/06/30 v1.8 Hooks at the very end of document (HO)
Package: atbegshi 2011/10/05 v1.16 At begin shipout hook (HO)
Package: refcount 2011/10/16 v3.4 Data extraction from label references (HO)
Package: hycolor 2011/01/30 v1.7 Color options for hyperref/bookmark (HO)
)
("C:\Users\NoobsDeSroobs\AppData\Local\Programs\MiKTeX 2.9\tex\generic\ifxetex\
ifxetex.sty"
Package: ifxetex 2010/09/12 v0.6 Provides ifxetex conditional
)
("C:\Users\NoobsDeSroobs\AppData\Local\Programs\MiKTeX 2.9\tex\latex\oberdiek\a
uxhook.sty"
Package: auxhook 2011/03/04 v1.3 Hooks for auxiliary files (HO)
)
("C:\Users\NoobsDeSroobs\AppData\Local\Programs\MiKTeX 2.9\tex\latex\oberdiek\k
voptions.sty"
Package: kvoptions 2011/06/30 v3.11 Key value format for package options (HO)
)
\@linkdim=\dimen154
\Hy@linkcounter=\count117
\Hy@pagecounter=\count118

("C:\Users\NoobsDeSroobs\AppData\Local\Programs\MiKTeX 2.9\tex\latex\hyperref\p
d1enc.def"
File: pd1enc.def 2012/11/06 v6.83m Hyperref: PDFDocEncoding definition (HO)
Now handling font encoding PD1 ...
... no UTF-8 mapping file for font encoding PD1
)
\Hy@SavedSpaceFactor=\count119

("C:\Users\NoobsDeSroobs\AppData\Local\Programs\MiKTeX 2.9\tex\latex\00miktex\h
yperref.cfg"
File: hyperref.cfg 2002/06/06 v1.2 hyperref configuration of TeXLive
)
Package hyperref Info: Hyper figures OFF on input line 4443.
Package hyperref Info: Link nesting OFF on input line 4448.
Package hyperref Info: Hyper index ON on input line 4451.
Package hyperref Info: Plain pages OFF on input line 4458.
Package hyperref Info: Backreferencing OFF on input line 4463.
Package hyperref Info: Implicit mode ON; LaTeX internals redefined.
Package hyperref Info: Bookmarks ON on input line 4688.
\c@Hy@tempcnt=\count120
LaTeX Info: Redefining \url on input line 5041.
\XeTeXLinkMargin=\dimen155
\Fld@menulength=\count121
\Field@Width=\dimen156
\Fld@charsize=\dimen157
Package hyperref Info: Hyper figures OFF on input line 6295.
Package hyperref Info: Link nesting OFF on input line 6300.
Package hyperref Info: Hyper index ON on input line 6303.
Package hyperref Info: backreferencing OFF on input line 6310.
Package hyperref Info: Link coloring OFF on input line 6315.
Package hyperref Info: Link coloring with OCG OFF on input line 6320.
Package hyperref Info: PDF/A mode OFF on input line 6325.
LaTeX Info: Redefining \ref on input line 6365.
LaTeX Info: Redefining \pageref on input line 6369.
\Hy@abspage=\count122
\c@Item=\count123
\c@Hfootnote=\count124
)

Package hyperref Message: Driver (autodetected): hpdftex.


("C:\Users\NoobsDeSroobs\AppData\Local\Programs\MiKTeX 2.9\tex\latex\hyperref\h
pdftex.def"
File: hpdftex.def 2012/11/06 v6.83m Hyperref driver for pdfTeX
\Fld@listcount=\count125
\c@bookmark@seq@number=\count126

("C:\Users\NoobsDeSroobs\AppData\Local\Programs\MiKTeX 2.9\tex\latex\oberdiek\r
erunfilecheck.sty"
Package: rerunfilecheck 2011/04/15 v1.7 Rerun checks for auxiliary files (HO)
Package uniquecounter Info: New unique counter `rerunfilecheck' on input line 2
82.
)
\Hy@SectionHShift=\skip47
)
("C:\Users\NoobsDeSroobs\AppData\Local\Programs\MiKTeX 2.9\tex\latex\listings\l
istings.sty"
\lst@mode=\count127
\lst@gtempboxa=\box46
\lst@token=\toks38
\lst@length=\count128
\lst@currlwidth=\dimen158
\lst@column=\count129
\lst@pos=\count130
\lst@lostspace=\dimen159
\lst@width=\dimen160
\lst@newlines=\count131
\lst@lineno=\count132
\lst@maxwidth=\dimen161

("C:\Users\NoobsDeSroobs\AppData\Local\Programs\MiKTeX 2.9\tex\latex\listings\l
stmisc.sty"
File: lstmisc.sty 2015/06/04 1.6 (Carsten Heinz)
\c@lstnumber=\count133
\lst@skipnumbers=\count134
\lst@framebox=\box47
)
("C:\Users\NoobsDeSroobs\AppData\Local\Programs\MiKTeX 2.9\tex\latex\listings\l
istings.cfg"
File: listings.cfg 2015/06/04 1.6 listings configuration
))
Package: listings 2015/06/04 1.6 (Carsten Heinz)

("C:\Users\NoobsDeSroobs\AppData\Local\Programs\MiKTeX 2.9\tex\latex\listings\l
stlang1.sty"
File: lstlang1.sty 2015/06/04 1.6 listings language file
)
("C:\Users\NoobsDeSroobs\AppData\Local\Programs\MiKTeX 2.9\tex\latex\listings\l
stlang1.sty"
File: lstlang1.sty 2015/06/04 1.6 listings language file
)
("C:\Users\NoobsDeSroobs\AppData\Local\Programs\MiKTeX 2.9\tex\latex\listings\l
stmisc.sty"
File: lstmisc.sty 2015/06/04 1.6 (Carsten Heinz)
) ("Assignment 1.aux")
\openout1 = `"Assignment 1.aux"'.

LaTeX Font Info:    Checking defaults for OML/cmm/m/it on input line 50.
LaTeX Font Info:    ... okay on input line 50.
LaTeX Font Info:    Checking defaults for T1/cmr/m/n on input line 50.
LaTeX Font Info:    ... okay on input line 50.
LaTeX Font Info:    Checking defaults for OT1/cmr/m/n on input line 50.
LaTeX Font Info:    ... okay on input line 50.
LaTeX Font Info:    Checking defaults for OMS/cmsy/m/n on input line 50.
LaTeX Font Info:    ... okay on input line 50.
LaTeX Font Info:    Checking defaults for OMX/cmex/m/n on input line 50.
LaTeX Font Info:    ... okay on input line 50.
LaTeX Font Info:    Checking defaults for U/cmr/m/n on input line 50.
LaTeX Font Info:    ... okay on input line 50.
LaTeX Font Info:    Checking defaults for PD1/pdf/m/n on input line 50.
LaTeX Font Info:    ... okay on input line 50.
LaTeX Font Info:    Try loading font information for T1+lmr on input line 50.

("C:\Users\NoobsDeSroobs\AppData\Local\Programs\MiKTeX 2.9\tex\latex\lm\t1lmr.f
d"
File: t1lmr.fd 2009/10/30 v1.6 Font defs for Latin Modern
) ABD: EveryShipout initializing macros
("C:\Users\NoobsDeSroobs\AppData\Local\Programs\MiKTeX 2.9\tex\context\base\sup
p-pdf.mkii"
[Loading MPS to PDF converter (version 2006.09.02).]
\scratchcounter=\count135
\scratchdimen=\dimen162
\scratchbox=\box48
\nofMPsegments=\count136
\nofMParguments=\count137
\everyMPshowfont=\toks39
\MPscratchCnt=\count138
\MPscratchDim=\dimen163
\MPnumerator=\count139
\makeMPintoPDFobject=\count140
\everyMPtoPDFconversion=\toks40
)
\AtBeginShipoutBox=\box49
Package hyperref Info: Link coloring OFF on input line 50.

("C:\Users\NoobsDeSroobs\AppData\Local\Programs\MiKTeX 2.9\tex\latex\hyperref\n
ameref.sty"
Package: nameref 2012/10/27 v2.43 Cross-referencing by name of section

("C:\Users\NoobsDeSroobs\AppData\Local\Programs\MiKTeX 2.9\tex\generic\oberdiek
\gettitlestring.sty"
Package: gettitlestring 2010/12/03 v1.4 Cleanup title references (HO)
)
\c@section@level=\count141
)
LaTeX Info: Redefining \ref on input line 50.
LaTeX Info: Redefining \pageref on input line 50.
LaTeX Info: Redefining \nameref on input line 50.
 ("Assignment 1.out") ("Assignment 1.out")
\@outlinefile=\write6
\openout6 = `"Assignment 1.out"'.

\c@lstlisting=\count142
LaTeX Font Info:    Try loading font information for OT1+lmr on input line 52.

("C:\Users\NoobsDeSroobs\AppData\Local\Programs\MiKTeX 2.9\tex\latex\lm\ot1lmr.
fd"
File: ot1lmr.fd 2009/10/30 v1.6 Font defs for Latin Modern
)
LaTeX Font Info:    Try loading font information for OML+lmm on input line 52.

("C:\Users\NoobsDeSroobs\AppData\Local\Programs\MiKTeX 2.9\tex\latex\lm\omllmm.
fd"
File: omllmm.fd 2009/10/30 v1.6 Font defs for Latin Modern
)
LaTeX Font Info:    Try loading font information for OMS+lmsy on input line 52.


("C:\Users\NoobsDeSroobs\AppData\Local\Programs\MiKTeX 2.9\tex\latex\lm\omslmsy
.fd"
File: omslmsy.fd 2009/10/30 v1.6 Font defs for Latin Modern
)
LaTeX Font Info:    Try loading font information for OMX+lmex on input line 52.


("C:\Users\NoobsDeSroobs\AppData\Local\Programs\MiKTeX 2.9\tex\latex\lm\omxlmex
.fd"
File: omxlmex.fd 2009/10/30 v1.6 Font defs for Latin Modern
)
LaTeX Font Info:    External font `lmex10' loaded for size
(Font)              <12> on input line 52.
LaTeX Font Info:    External font `lmex10' loaded for size
(Font)              <8> on input line 52.
LaTeX Font Info:    External font `lmex10' loaded for size
(Font)              <6> on input line 52.
LaTeX Font Info:    Try loading font information for U+msa on input line 52.

("C:\Users\NoobsDeSroobs\AppData\Local\Programs\MiKTeX 2.9\tex\latex\amsfonts\u
msa.fd"
File: umsa.fd 2013/01/14 v3.01 AMS symbols A
)
LaTeX Font Info:    Try loading font information for U+msb on input line 52.

("C:\Users\NoobsDeSroobs\AppData\Local\Programs\MiKTeX 2.9\tex\latex\amsfonts\u
msb.fd"
File: umsb.fd 2013/01/14 v3.01 AMS symbols B
)
LaTeX Font Info:    External font `lmex10' loaded for size
(Font)              <10.95> on input line 54.

Underfull \hbox (badness 10000) in paragraph at lines 62--67

 []

[1

{C:/Users/NoobsDeSroobs/AppData/Local/MiKTeX/2.9/pdftex/config/pdftex.map}]
[2] [3]
Underfull \hbox (badness 10000) in paragraph at lines 157--158

 []


Overfull \hbox (34.29129pt too wide) in paragraph at lines 183--183
[] 
 []

[4] [5] [6]
Package atveryend Info: Empty hook `BeforeClearDocument' on input line 310.
Package atveryend Info: Empty hook `AfterLastShipout' on input line 310.
 ("Assignment 1.aux")
Package atveryend Info: Executing hook `AtVeryEndDocument' on input line 310.
Package atveryend Info: Executing hook `AtEndAfterFileList' on input line 310.
Package rerunfilecheck Info: File `"Assignment 1".out' has not changed.
(rerunfilecheck)             Checksum: 129E3D78660AB725D3793622FCB93233;360.
 ) 
Here is how much of TeX's memory you used:
 17767 strings out of 493634
 324136 string characters out of 3131976
 419801 words of memory out of 3000000
 20811 multiletter control sequences out of 15000+200000
 44811 words of font info for 45 fonts, out of 3000000 for 9000
 1025 hyphenation exceptions out of 8191
 54i,15n,73p,866b,353s stack positions out of 5000i,500n,10000p,200000b,50000s
{C:/Users/NoobsDeSroobs/AppData/Local/Programs/MiKTeX 2.9/fonts/enc/dvips/lm/
lm-mathsy.enc}{C:/Users/NoobsDeSroobs/AppData/Local/Programs/MiKTeX 2.9/fonts/e
nc/dvips/lm/lm-rm.enc}{C:/Users/NoobsDeSroobs/AppData/Local/Programs/MiKTeX 2.9
/fonts/enc/dvips/lm/lm-mathex.enc}{C:/Users/NoobsDeSroobs/AppData/Local/Program
s/MiKTeX 2.9/fonts/enc/dvips/lm/lm-mathit.enc}{C:/Users/NoobsDeSroobs/AppData/L
ocal/Programs/MiKTeX 2.9/fonts/enc/dvips/lm/lm-ec.enc}<C:/Users/NoobsDeSroobs/A
ppData/Local/Programs/MiKTeX 2.9/fonts/type1/public/lm/lmbx10.pfb><C:/Users/Noo
bsDeSroobs/AppData/Local/Programs/MiKTeX 2.9/fonts/type1/public/lm/lmbx12.pfb><
C:/Users/NoobsDeSroobs/AppData/Local/Programs/MiKTeX 2.9/fonts/type1/public/lm/
lmex10.pfb><C:/Users/NoobsDeSroobs/AppData/Local/Programs/MiKTeX 2.9/fonts/type
1/public/lm/lmmi10.pfb><C:/Users/NoobsDeSroobs/AppData/Local/Programs/MiKTeX 2.
9/fonts/type1/public/lm/lmmi8.pfb><C:/Users/NoobsDeSroobs/AppData/Local/Program
s/MiKTeX 2.9/fonts/type1/public/lm/lmr10.pfb><C:/Users/NoobsDeSroobs/AppData/Lo
cal/Programs/MiKTeX 2.9/fonts/type1/public/lm/lmr12.pfb><C:/Users/NoobsDeSroobs
/AppData/Local/Programs/MiKTeX 2.9/fonts/type1/public/lm/lmr17.pfb><C:/Users/No
obsDeSroobs/AppData/Local/Programs/MiKTeX 2.9/fonts/type1/public/lm/lmr6.pfb><C
:/Users/NoobsDeSroobs/AppData/Local/Programs/MiKTeX 2.9/fonts/type1/public/lm/l
mr8.pfb><C:/Users/NoobsDeSroobs/AppData/Local/Programs/MiKTeX 2.9/fonts/type1/p
ublic/lm/lmsy10.pfb><C:/Users/NoobsDeSroobs/AppData/Local/Programs/MiKTeX 2.9/f
onts/type1/public/lm/lmsy8.pfb>
Output written on "Assignment 1.pdf" (6 pages, 219509 bytes).
PDF statistics:
 129 PDF objects out of 1000 (max. 8388607)
 17 named destinations out of 1000 (max. 500000)
 77 words of extra memory for PDF output out of 10000 (max. 10000000)

